<?xml version="1.0" encoding="UTF-8"?>
<!-- Generated by org.testng.reporters.JUnitReportReporter -->
<testsuite hostname="LAPTOP-K0R6BKBH" failures="0" tests="3" name="com.crm.qa.testcases.ContactsPageTest" time="169.300" errors="0" timestamp="2024-05-20T16:42:58 IST" skipped="0">
  <testcase classname="com.crm.qa.testcases.ContactsPageTest" name="verifyContactsPageLabel" time="41.215"/>
  <testcase classname="com.crm.qa.testcases.ContactsPageTest" name="selectSingleContactsTest" time="69.981"/>
  <testcase classname="com.crm.qa.testcases.ContactsPageTest" name="selectsMultipleContactsTest" time="58.104"/>
</testsuite> <!-- com.crm.qa.testcases.ContactsPageTest -->
