<?xml version="1.0" encoding="UTF-8"?>
<!-- Generated by org.testng.reporters.JUnitReportReporter -->
<testsuite hostname="LAPTOP-K0R6BKBH" failures="0" tests="3" name="com.crm.qa.testcases.HomePageTest" time="85.533" errors="0" timestamp="2024-03-24T11:21:05 IST" skipped="0">
  <testcase classname="com.crm.qa.testcases.HomePageTest" name="verifyHomePageTitleTest" time="28.209"/>
  <testcase classname="com.crm.qa.testcases.HomePageTest" name="verifyUserNameTest" time="27.674"/>
  <testcase classname="com.crm.qa.testcases.HomePageTest" name="verifyContactsLinkTest" time="29.650"/>
</testsuite> <!-- com.crm.qa.testcases.HomePageTest -->
