<?xml version="1.0" encoding="UTF-8"?>
<!-- Generated by org.testng.reporters.JUnitReportReporter -->
<testsuite hostname="LAPTOP-K0R6BKBH" failures="0" tests="3" name="com.crm.qa.testcases.LoginPageTest" time="32.890" errors="0" timestamp="2024-03-23T09:50:55 IST" skipped="0">
  <testcase classname="com.crm.qa.testcases.LoginPageTest" name="loginPageTitleTest" time="10.411"/>
  <testcase classname="com.crm.qa.testcases.LoginPageTest" name="crmLogoImageTest" time="10.027"/>
  <testcase classname="com.crm.qa.testcases.LoginPageTest" name="loginTest" time="12.452"/>
</testsuite> <!-- com.crm.qa.testcases.LoginPageTest -->
